<?xml version="1.0" encoding="UTF-8"?>
<!-- Generated by org.testng.reporters.JUnitReportReporter -->
<testsuite hostname="DESKTOP-9S1G63Q" failures="0" tests="1" name="com.ecom.testcases.RegisterTest" time="18.649" errors="0" timestamp="2025-02-16T22:42:24 WIB" skipped="0">
  <testcase classname="com.ecom.testcases.RegisterTest" name="moveToRegisterPage" time="18.649"/>
</testsuite> <!-- com.ecom.testcases.RegisterTest -->
