<?xml version="1.0" encoding="UTF-8"?>
<!-- Generated by org.testng.reporters.JUnitReportReporter -->
<testsuite hostname="DESKTOP-9S1G63Q" failures="0" tests="2" name="com.ecom.testcases.RegisterPageTest" time="25.190" errors="0" timestamp="2025-02-18T08:49:11 WIB" skipped="0">
  <testcase classname="com.ecom.testcases.RegisterPageTest" name="checkPrivacyPolicy" time="8.677"/>
  <testcase classname="com.ecom.testcases.RegisterPageTest" name="moveToRegisterPage" time="16.513"/>
</testsuite> <!-- com.ecom.testcases.RegisterPageTest -->
