<?xml version="1.0" encoding="UTF-8"?>
<!-- Generated by org.testng.reporters.JUnitReportReporter -->
<testsuite hostname="DESKTOP-9S1G63Q" failures="0" tests="2" name="com.ecom.testcases.RegisterPageTest" time="18.116" errors="0" timestamp="2025-02-18T09:11:10 WIB" skipped="0">
  <testcase classname="com.ecom.testcases.RegisterPageTest" name="moveToRegisterPage" time="8.184"/>
  <testcase classname="com.ecom.testcases.RegisterPageTest" name="checkPrivacyPolicy" time="9.932"/>
</testsuite> <!-- com.ecom.testcases.RegisterPageTest -->
