<?xml version="1.0" encoding="UTF-8"?>
<!-- Generated by org.testng.reporters.JUnitReportReporter -->
<testsuite hostname="DESKTOP-9S1G63Q" failures="0" tests="1" name="com.ecom.testcases.EndToEndTest" time="10.575" errors="0" timestamp="2025-02-17T12:26:44 WIB" skipped="0">
  <testcase classname="com.ecom.testcases.EndToEndTest" name="moveToRegisterPage" time="10.575"/>
</testsuite> <!-- com.ecom.testcases.EndToEndTest -->
